#-----------------------------------------------------------
# Vivado v2021.2 (64-bit)
# SW Build 3367213 on Tue Oct 19 02:48:09 MDT 2021
# IP Build 3369179 on Thu Oct 21 08:25:16 MDT 2021
# Start of session at: Tue Dec 19 13:44:09 2023
# Process ID: 680
# Current directory: E:/Lab/Embedded_Deep_Neural_Network_Processing/Lab_final/lab_final/lab_final.srcs/utils_1/imports/synth_1
# Command line: vivado.exe -gui_launcher_event rodinguilauncherevent18988 E:\Lab\Embedded_Deep_Neural_Network_Processing\Lab_final\lab_final\lab_final.srcs\utils_1\imports\synth_1\NN_bd_wrapper.dcp
# Log file: E:/Lab/Embedded_Deep_Neural_Network_Processing/Lab_final/lab_final/lab_final.srcs/utils_1/imports/synth_1/vivado.log
# Journal file: E:/Lab/Embedded_Deep_Neural_Network_Processing/Lab_final/lab_final/lab_final.srcs/utils_1/imports/synth_1\vivado.jou
# Running On: DESKTOP-2QICLVD, OS: Windows, CPU Frequency: 3000 MHz, CPU Physical cores: 8, Host memory: 16977 MB
#-----------------------------------------------------------
start_gui
open_checkpoint E:/Lab/Embedded_Deep_Neural_Network_Processing/Lab_final/lab_final/lab_final.srcs/utils_1/imports/synth_1/NN_bd_wrapper.dcp
Command: open_checkpoint E:/Lab/Embedded_Deep_Neural_Network_Processing/Lab_final/lab_final/lab_final.srcs/utils_1/imports/synth_1/NN_bd_wrapper.dcp

Starting open_checkpoint Task

Time (s): cpu = 00:00:00 ; elapsed = 00:00:00.038 . Memory (MB): peak = 1412.984 ; gain = 0.000
WARNING: [Board 49-26] cannot add Board Part xilinx.com:vck190_es:part0:1.3 available at E:/Xilinx/Vivado/2021.2/data/xhub/boards/XilinxBoardStore/boards/Xilinx/vck190/es/1.3/board.xml as part xcvc1902-vsva2197-2mp-e-s-es1 specified in board_part file is either invalid or not available
WARNING: [Board 49-26] cannot add Board Part xilinx.com:vmk180_es:part0:1.3 available at E:/Xilinx/Vivado/2021.2/data/xhub/boards/XilinxBoardStore/boards/Xilinx/vmk180/es/1.3/board.xml as part xcvm1802-vsva2197-2mp-e-s-es1 specified in board_part file is either invalid or not available
WARNING: [Board 49-26] cannot add Board Part xilinx.com:vpk120_es:part0:1.2 available at E:/Xilinx/Vivado/2021.2/data/xhub/boards/XilinxBoardStore/boards/Xilinx/vpk120/es/1.2/board.xml as part xcvp1202-vsva2785-2mp-e-s-es1 specified in board_part file is either invalid or not available
WARNING: [Board 49-26] cannot add Board Part xilinx.com:zcu208_es:part0:1.0 available at E:/Xilinx/Vivado/2021.2/data/xhub/boards/XilinxBoardStore/boards/Xilinx/zcu208/es/1.0/board.xml as part xczu48dr-fsvg1517-2-e-es1 specified in board_part file is either invalid or not available
WARNING: [Board 49-26] cannot add Board Part xilinx.com:zcu208_es:part0:1.1 available at E:/Xilinx/Vivado/2021.2/data/xhub/boards/XilinxBoardStore/boards/Xilinx/zcu208/es/1.1/board.xml as part xczu48dr-fsvg1517-2-e-es1 specified in board_part file is either invalid or not available
WARNING: [Board 49-26] cannot add Board Part xilinx.com:zcu208_es:part0:1.2 available at E:/Xilinx/Vivado/2021.2/data/xhub/boards/XilinxBoardStore/boards/Xilinx/zcu208/es/1.2/board.xml as part xczu48dr-fsvg1517-2-e-es1 specified in board_part file is either invalid or not available
WARNING: [Board 49-26] cannot add Board Part xilinx.com:zcu208ld:part0:2.0 available at E:/Xilinx/Vivado/2021.2/data/xhub/boards/XilinxBoardStore/boards/Xilinx/zcu208ld/production/2.0/board.xml as part xczu58dr-fsvg1517-2-i specified in board_part file is either invalid or not available
WARNING: [Board 49-26] cannot add Board Part xilinx.com:zcu208ld_es:part0:1.0 available at E:/Xilinx/Vivado/2021.2/data/xhub/boards/XilinxBoardStore/boards/Xilinx/zcu208ld/es/1.0/board.xml as part xczu58dr-fsvg1517-2-i-es1 specified in board_part file is either invalid or not available
WARNING: [Board 49-26] cannot add Board Part xilinx.com:zcu216_es:part0:1.0 available at E:/Xilinx/Vivado/2021.2/data/xhub/boards/XilinxBoardStore/boards/Xilinx/zcu216/es/1.0/board.xml as part xczu49dr-ffvf1760-2-e-es1 specified in board_part file is either invalid or not available
WARNING: [Board 49-26] cannot add Board Part xilinx.com:zcu216_es:part0:1.1 available at E:/Xilinx/Vivado/2021.2/data/xhub/boards/XilinxBoardStore/boards/Xilinx/zcu216/es/1.1/board.xml as part xczu49dr-ffvf1760-2-e-es1 specified in board_part file is either invalid or not available
WARNING: [Board 49-26] cannot add Board Part xilinx.com:zcu216_es:part0:1.2 available at E:/Xilinx/Vivado/2021.2/data/xhub/boards/XilinxBoardStore/boards/Xilinx/zcu216/es/1.2/board.xml as part xczu49dr-ffvf1760-2-e-es1 specified in board_part file is either invalid or not available
WARNING: [Board 49-26] cannot add Board Part xilinx.com:zcu216ld:part0:2.0 available at E:/Xilinx/Vivado/2021.2/data/xhub/boards/XilinxBoardStore/boards/Xilinx/zcu216ld/production/2.0/board.xml as part xczu59dr-ffvf1760-2-i specified in board_part file is either invalid or not available
WARNING: [Board 49-26] cannot add Board Part xilinx.com:zcu216ld_es:part0:1.0 available at E:/Xilinx/Vivado/2021.2/data/xhub/boards/XilinxBoardStore/boards/Xilinx/zcu216ld/es/1.0/board.xml as part xczu59dr-ffvf1760-2-i-es1 specified in board_part file is either invalid or not available
WARNING: [Board 49-26] cannot add Board Part xilinx.com:zcu670:part0:1.0 available at E:/Xilinx/Vivado/2021.2/data/xhub/boards/XilinxBoardStore/boards/Xilinx/zcu670/1.0/board.xml as part xczu67dr-fsve1156-2-i specified in board_part file is either invalid or not available
INFO: [IP_Flow 19-234] Refreshing IP repositories
INFO: [IP_Flow 19-1704] No user IP repositories specified
INFO: [IP_Flow 19-2313] Loaded Vivado IP repository 'E:/Xilinx/Vivado/2021.2/data/ip'.
INFO: [Device 21-403] Loading part xc7z020clg400-1
Netlist sorting complete. Time (s): cpu = 00:00:00 ; elapsed = 00:00:00.039 . Memory (MB): peak = 1539.520 ; gain = 0.000
INFO: [Project 1-479] Netlist was created with Vivado 2021.2
INFO: [Project 1-570] Preparing netlist for logic optimization
CRITICAL WARNING: [Project 1-486] Could not resolve non-primitive black box cell 'Lab_final_bd_ConV1_0_0' instantiated as 'Lab_final_bd_i/NN/ConV1_0' [c:/Lab_final/lab_final_PLPS/lab_final.gen/sources_1/bd/Lab_final_bd/synth/Lab_final_bd.v:1867]
CRITICAL WARNING: [Project 1-486] Could not resolve non-primitive black box cell 'Lab_final_bd_FC_0_0' instantiated as 'Lab_final_bd_i/NN/FC_0' [c:/Lab_final/lab_final_PLPS/lab_final.gen/sources_1/bd/Lab_final_bd/synth/Lab_final_bd.v:1889]
CRITICAL WARNING: [Project 1-486] Could not resolve non-primitive black box cell 'Lab_final_bd_MP1_0_0' instantiated as 'Lab_final_bd_i/NN/MP1_0' [c:/Lab_final/lab_final_PLPS/lab_final.gen/sources_1/bd/Lab_final_bd/synth/Lab_final_bd.v:1908]
CRITICAL WARNING: [Project 1-486] Could not resolve non-primitive black box cell 'Lab_final_bd_MP2_0_0' instantiated as 'Lab_final_bd_i/NN/MP2_0' [c:/Lab_final/lab_final_PLPS/lab_final.gen/sources_1/bd/Lab_final_bd/synth/Lab_final_bd.v:1919]
CRITICAL WARNING: [Project 1-486] Could not resolve non-primitive black box cell 'Lab_final_bd_MUX_mem_out_0_0' instantiated as 'Lab_final_bd_i/NN/MUX_mem_out_0' [c:/Lab_final/lab_final_PLPS/lab_final.gen/sources_1/bd/Lab_final_bd/synth/Lab_final_bd.v:1930]
CRITICAL WARNING: [Project 1-486] Could not resolve non-primitive black box cell 'Lab_final_bd_auto_pc_0' instantiated as 'Lab_final_bd_i/axi_mem_intercon/m00_couplers/auto_pc' [c:/Lab_final/lab_final_PLPS/lab_final.gen/sources_1/bd/Lab_final_bd/synth/Lab_final_bd.v:2466]
CRITICAL WARNING: [Project 1-486] Could not resolve non-primitive black box cell 'Lab_final_bd_auto_pc_1' instantiated as 'Lab_final_bd_i/ps7_0_axi_periph/s00_couplers/auto_pc' [c:/Lab_final/lab_final_PLPS/lab_final.gen/sources_1/bd/Lab_final_bd/synth/Lab_final_bd.v:2937]
CRITICAL WARNING: [Project 1-486] Could not resolve non-primitive black box cell 'Lab_final_bd_axi_dma_0_0' instantiated as 'Lab_final_bd_i/axi_dma_0' [c:/Lab_final/lab_final_PLPS/lab_final.gen/sources_1/bd/Lab_final_bd/synth/Lab_final_bd.v:250]
CRITICAL WARNING: [Project 1-486] Could not resolve non-primitive black box cell 'Lab_final_bd_blk_ram_temp_0' instantiated as 'Lab_final_bd_i/NN/blk_ram_temp' [c:/Lab_final/lab_final_PLPS/lab_final.gen/sources_1/bd/Lab_final_bd/synth/Lab_final_bd.v:1986]
CRITICAL WARNING: [Project 1-486] Could not resolve non-primitive black box cell 'Lab_final_bd_blk_rom_inimg_0' instantiated as 'Lab_final_bd_i/NN/blk_rom_inimg' [c:/Lab_final/lab_final_PLPS/lab_final.gen/sources_1/bd/Lab_final_bd/synth/Lab_final_bd.v:1996]
CRITICAL WARNING: [Project 1-486] Could not resolve non-primitive black box cell 'Lab_final_bd_blk_rom_other_weight_0' instantiated as 'Lab_final_bd_i/NN/blk_rom_other_weight' [c:/Lab_final/lab_final_PLPS/lab_final.gen/sources_1/bd/Lab_final_bd/synth/Lab_final_bd.v:2006]
CRITICAL WARNING: [Project 1-486] Could not resolve non-primitive black box cell 'Lab_final_bd_blk_rom_weight_0' instantiated as 'Lab_final_bd_i/NN/blk_rom_weight' [c:/Lab_final/lab_final_PLPS/lab_final.gen/sources_1/bd/Lab_final_bd/synth/Lab_final_bd.v:2011]
CRITICAL WARNING: [Project 1-486] Could not resolve non-primitive black box cell 'Lab_final_bd_myip_v1_0_0_0' instantiated as 'Lab_final_bd_i/myip_v1_0_0' [c:/Lab_final/lab_final_PLPS/lab_final.gen/sources_1/bd/Lab_final_bd/synth/Lab_final_bd.v:386]
CRITICAL WARNING: [Project 1-486] Could not resolve non-primitive black box cell 'Lab_final_bd_processing_system7_0_0' instantiated as 'Lab_final_bd_i/processing_system7_0' [c:/Lab_final/lab_final_PLPS/lab_final.gen/sources_1/bd/Lab_final_bd/synth/Lab_final_bd.v:432]
CRITICAL WARNING: [Project 1-486] Could not resolve non-primitive black box cell 'Lab_final_bd_rst_ps7_0_50M_0' instantiated as 'Lab_final_bd_i/rst_ps7_0_50M' [c:/Lab_final/lab_final_PLPS/lab_final.gen/sources_1/bd/Lab_final_bd/synth/Lab_final_bd.v:616]
CRITICAL WARNING: [Project 1-486] Could not resolve non-primitive black box cell 'Lab_final_bd_xbar_0' instantiated as 'Lab_final_bd_i/axi_mem_intercon/xbar' [c:/Lab_final/lab_final_PLPS/lab_final.gen/sources_1/bd/Lab_final_bd/synth/Lab_final_bd.v:1138]
CRITICAL WARNING: [Project 1-486] Could not resolve non-primitive black box cell 'Lab_final_bd_xbar_1' instantiated as 'Lab_final_bd_i/ps7_0_axi_periph/xbar' [c:/Lab_final/lab_final_PLPS/lab_final.gen/sources_1/bd/Lab_final_bd/synth/Lab_final_bd.v:1731]
Netlist sorting complete. Time (s): cpu = 00:00:00 ; elapsed = 00:00:00 . Memory (MB): peak = 1641.746 ; gain = 0.000
INFO: [Project 1-111] Unisim Transformation Summary:
No Unisim elements were transformed.

INFO: [Project 1-604] Checkpoint was created with Vivado v2021.2 (64-bit) build 3367213
open_checkpoint: Time (s): cpu = 00:00:25 ; elapsed = 00:00:12 . Memory (MB): peak = 1774.809 ; gain = 361.824
exit
INFO: [Common 17-206] Exiting Vivado at Tue Dec 19 13:45:01 2023...
