INFO: [VRFC 10-2263] Analyzing Verilog file "C:/Users/Student/Desktop/Lab_final/lab_final _PL/lab_final.srcs/sources_1/new/MP1.v" into library xil_defaultlib
INFO: [VRFC 10-311] analyzing module MP1
INFO: [VRFC 10-2263] Analyzing Verilog file "C:/Users/Student/Desktop/Lab_final/lab_final _PL/lab_final.srcs/sources_1/new/ConV1.v" into library xil_defaultlib
INFO: [VRFC 10-311] analyzing module ConV1
INFO: [VRFC 10-2263] Analyzing Verilog file "C:/Users/Student/Desktop/Lab_final/lab_final _PL/lab_final.srcs/sources_1/new/MUX_mem_out.v" into library xil_defaultlib
INFO: [VRFC 10-311] analyzing module MUX_mem_out
INFO: [VRFC 10-2263] Analyzing Verilog file "C:/Users/Student/Desktop/Lab_final/sources/FC.v" into library xil_defaultlib
INFO: [VRFC 10-311] analyzing module FC
INFO: [VRFC 10-2263] Analyzing Verilog file "C:/Users/Student/Desktop/Lab_final/sources/MP2.v" into library xil_defaultlib
INFO: [VRFC 10-311] analyzing module MP2
INFO: [VRFC 10-2263] Analyzing Verilog file "C:/Users/Student/Desktop/Lab_final/lab_final _PL/lab_final.ip_user_files/bd/NN_bd/ip/NN_bd_blk_mem_gen_1_0/sim/NN_bd_blk_mem_gen_1_0.v" into library xil_defaultlib
INFO: [VRFC 10-311] analyzing module NN_bd_blk_mem_gen_1_0
INFO: [VRFC 10-2263] Analyzing Verilog file "C:/Users/Student/Desktop/Lab_final/lab_final _PL/lab_final.ip_user_files/bd/NN_bd/ip/NN_bd_blk_mem_gen_2_0/sim/NN_bd_blk_mem_gen_2_0.v" into library xil_defaultlib
INFO: [VRFC 10-311] analyzing module NN_bd_blk_mem_gen_2_0
INFO: [VRFC 10-2263] Analyzing Verilog file "C:/Users/Student/Desktop/Lab_final/lab_final _PL/lab_final.ip_user_files/bd/NN_bd/ip/NN_bd_blk_mem_gen_0_1/sim/NN_bd_blk_mem_gen_0_1.v" into library xil_defaultlib
INFO: [VRFC 10-311] analyzing module NN_bd_blk_mem_gen_0_1
INFO: [VRFC 10-2263] Analyzing Verilog file "C:/Users/Student/Desktop/Lab_final/lab_final _PL/lab_final.ip_user_files/bd/NN_bd/ip/NN_bd_blk_mem_gen_0_2/sim/NN_bd_blk_mem_gen_0_2.v" into library xil_defaultlib
INFO: [VRFC 10-311] analyzing module NN_bd_blk_mem_gen_0_2
INFO: [VRFC 10-2263] Analyzing Verilog file "C:/Users/Student/Desktop/Lab_final/lab_final _PL/lab_final.ip_user_files/bd/NN_bd/ip/NN_bd_MP1_0_0/sim/NN_bd_MP1_0_0.v" into library xil_defaultlib
INFO: [VRFC 10-311] analyzing module NN_bd_MP1_0_0
INFO: [VRFC 10-2263] Analyzing Verilog file "C:/Users/Student/Desktop/Lab_final/lab_final _PL/lab_final.ip_user_files/bd/NN_bd/ip/NN_bd_ConV1_0_0/sim/NN_bd_ConV1_0_0.v" into library xil_defaultlib
INFO: [VRFC 10-311] analyzing module NN_bd_ConV1_0_0
INFO: [VRFC 10-2263] Analyzing Verilog file "C:/Users/Student/Desktop/Lab_final/lab_final _PL/lab_final.ip_user_files/bd/NN_bd/ip/NN_bd_MUX_mem_out_0_0/sim/NN_bd_MUX_mem_out_0_0.v" into library xil_defaultlib
INFO: [VRFC 10-311] analyzing module NN_bd_MUX_mem_out_0_0
INFO: [VRFC 10-2263] Analyzing Verilog file "C:/Users/Student/Desktop/Lab_final/lab_final _PL/lab_final.ip_user_files/bd/NN_bd/ip/NN_bd_FC_0_0/sim/NN_bd_FC_0_0.v" into library xil_defaultlib
INFO: [VRFC 10-311] analyzing module NN_bd_FC_0_0
INFO: [VRFC 10-2263] Analyzing Verilog file "C:/Users/Student/Desktop/Lab_final/lab_final _PL/lab_final.ip_user_files/bd/NN_bd/ip/NN_bd_MP2_0_0/sim/NN_bd_MP2_0_0.v" into library xil_defaultlib
INFO: [VRFC 10-311] analyzing module NN_bd_MP2_0_0
INFO: [VRFC 10-2263] Analyzing Verilog file "C:/Users/Student/Desktop/Lab_final/lab_final _PL/lab_final.ip_user_files/bd/NN_bd/sim/NN_bd.v" into library xil_defaultlib
INFO: [VRFC 10-311] analyzing module NN_bd
INFO: [VRFC 10-2263] Analyzing Verilog file "C:/Users/Student/Desktop/Lab_final/lab_final _PL/lab_final.gen/sources_1/bd/NN_bd/hdl/NN_bd_wrapper.v" into library xil_defaultlib
INFO: [VRFC 10-311] analyzing module NN_bd_wrapper
INFO: [VRFC 10-2263] Analyzing Verilog file "C:/Users/Student/Desktop/Lab_final/lab_final _PL/lab_final.srcs/sim_1/new/NN_tb.v" into library xil_defaultlib
INFO: [VRFC 10-311] analyzing module NN_tb
INFO: [VRFC 10-2263] Analyzing Verilog file "C:/Users/Student/Desktop/Lab_final/lab_final _PL/lab_final.sim/sim_1/behav/xsim/glbl.v" into library xil_defaultlib
INFO: [VRFC 10-311] analyzing module glbl
